<?xml version="1.0" encoding="UTF-8"?>
<testng-results ignored="0" total="1" passed="1" failed="0" skipped="0">
  <reporter-output>
  </reporter-output>
  <suite started-at="2024-02-02T12:18:00 IST" name="Default suite" finished-at="2024-02-02T12:18:27 IST" duration-ms="26607">
    <groups>
    </groups>
    <test started-at="2024-02-02T12:18:00 IST" name="Default test" finished-at="2024-02-02T12:18:27 IST" duration-ms="26607">
      <class name="rok.qa.Testcases.Verify_community_Login_02">
        <test-method is-config="true" signature="setUp()[pri:0, instance:rok.qa.Testcases.Verify_community_Login_02@229f66ed]" started-at="2024-02-02T12:18:00 IST" name="setUp" finished-at="2024-02-02T12:18:00 IST" duration-ms="262" status="PASS">
          <reporter-output>
          </reporter-output>
        </test-method> <!-- setUp -->
        <test-method is-config="true" signature="setup()[pri:0, instance:rok.qa.Testcases.Verify_community_Login_02@229f66ed]" started-at="2024-02-02T12:18:01 IST" name="setup" finished-at="2024-02-02T12:18:03 IST" duration-ms="2769" status="PASS">
          <reporter-output>
          </reporter-output>
        </test-method> <!-- setup -->
        <test-method signature="VerfyLogin()[pri:0, instance:rok.qa.Testcases.Verify_community_Login_02@229f66ed]" started-at="2024-02-02T12:18:03 IST" name="VerfyLogin" finished-at="2024-02-02T12:18:21 IST" duration-ms="17258" status="PASS">
          <reporter-output>
          </reporter-output>
        </test-method> <!-- VerfyLogin -->
        <test-method is-config="true" signature="afterEachMethod(org.testng.ITestResult)[pri:0, instance:rok.qa.Testcases.Verify_community_Login_02@229f66ed]" started-at="2024-02-02T12:18:21 IST" name="afterEachMethod" finished-at="2024-02-02T12:18:26 IST" duration-ms="5700" status="PASS">
          <params>
            <param index="0">
              <value>
                <![CDATA[[TestResult name=VerfyLogin status=SUCCESS method=Verify_community_Login_02.VerfyLogin()[pri:0, instance:rok.qa.Testcases.Verify_community_Login_02@229f66ed] output={null}]]]>
              </value>
            </param>
          </params>
          <reporter-output>
          </reporter-output>
        </test-method> <!-- afterEachMethod -->
        <test-method is-config="true" signature="tearDown()[pri:0, instance:rok.qa.Testcases.Verify_community_Login_02@229f66ed]" started-at="2024-02-02T12:18:26 IST" name="tearDown" finished-at="2024-02-02T12:18:27 IST" duration-ms="848" status="PASS">
          <reporter-output>
          </reporter-output>
        </test-method> <!-- tearDown -->
      </class> <!-- rok.qa.Testcases.Verify_community_Login_02 -->
    </test> <!-- Default test -->
  </suite> <!-- Default suite -->
</testng-results>
